  MetaSnp.cpp
C:\Users\JohnC\Documents\METASOFT\MetaSoft\MetaSnp.cpp(321,57): warning C4244: 'argument': conversion from 'double' to 'size_t', possible loss of data
C:\Users\JohnC\Documents\METASOFT\MetaSoft\MetaSnp.cpp(575,42): warning C4101: 'constz': unreferenced local variable
C:\Users\JohnC\Documents\METASOFT\MetaSoft\MetaSnp.cpp(575,25): warning C4101: 'tau': unreferenced local variable
C:\Users\JohnC\Documents\METASOFT\MetaSoft\MetaSnp.cpp(574,23): warning C4101: 'tmp': unreferenced local variable
C:\Users\JohnC\Documents\METASOFT\MetaSoft\MetaSnp.cpp(575,30): warning C4101: 'lambda': unreferenced local variable
C:\Users\JohnC\Documents\METASOFT\MetaSoft\MetaSnp.cpp(595,9): warning C4101: 'y': unreferenced local variable
C:\Users\JohnC\Documents\METASOFT\MetaSoft\MetaSnp.cpp(595,6): warning C4101: 'x': unreferenced local variable
C:\Users\JohnC\Documents\METASOFT\MetaSoft\MetaSnp.cpp(575,50): warning C4101: 'ci95': unreferenced local variable
C:\Users\JohnC\Documents\METASOFT\MetaSoft\MetaSnp.cpp(575,38): warning C4101: 'll': unreferenced local variable
C:\Users\JohnC\Documents\METASOFT\MetaSoft\MetaSnp.cpp(595,15): warning C4101: 'done': unreferenced local variable
C:\Users\JohnC\Documents\METASOFT\MetaSoft\MetaSnp.cpp(595,12): warning C4101: 't': unreferenced local variable
C:\Users\JohnC\Documents\METASOFT\MetaSoft\MetaSnp.cpp(824,26): warning C4244: 'initializing': conversion from 'double' to 'int', possible loss of data
C:\Users\JohnC\Documents\METASOFT\MetaSoft\MetaSnp.cpp(828,23): warning C4244: 'initializing': conversion from 'double' to 'int', possible loss of data
  MetaSoft.cpp
C:\Users\JohnC\Documents\METASOFT\MetaSoft\MetaSoft.cpp(251,29): warning C4244: 'argument': conversion from 'double' to 'const unsigned __int64', possible loss of data
C:\Users\JohnC\Documents\METASOFT\MetaSoft\MetaSoft.cpp(252,26): warning C4244: 'argument': conversion from 'double' to 'const unsigned __int64', possible loss of data
C:\Users\JohnC\Documents\METASOFT\MetaSoft\MetaSoft.cpp(253,26): warning C4244: 'argument': conversion from 'double' to 'const unsigned __int64', possible loss of data
C:\Users\JohnC\Documents\METASOFT\MetaSoft\MetaSoft.cpp(254,26): warning C4244: 'argument': conversion from 'double' to 'const unsigned __int64', possible loss of data
C:\Users\JohnC\Documents\METASOFT\MetaSoft\MetaSoft.cpp(259,39): warning C4244: 'argument': conversion from 'double' to 'const unsigned __int64', possible loss of data
C:\Users\JohnC\Documents\METASOFT\MetaSoft\MetaSoft.cpp(260,46): warning C4244: 'argument': conversion from 'double' to 'const unsigned __int64', possible loss of data
  Generating code
  2413 of 2570 functions (93.9%) were compiled, the rest were copied from previous compilation.
    38 functions were new in current compilation
    41 functions had inline decision re-evaluated but remain unchanged
  Finished generating code
  MetaSoft.vcxproj -> C:\Users\JohnC\Documents\METASOFT\x64\Release\MetaSoft.exe
